# JRE version: Java(TM) SE Runtime Environment (8.0_60-b27) (build 1.8.0_60-b27)
# Java VM: Java HotSpot(TM) 64-Bit Server VM (25.60-b23 mixed mode windows-amd64 compressed oops)
Heap:
 PSYoungGen      total 216576K, used 170458K [0x00000000e0800000, 0x00000000eff80000, 0x0000000100000000)
  eden space 191488K, 78% used [0x00000000e0800000,0x00000000e9b0de00,0x00000000ec300000)
  from space 25088K, 79% used [0x00000000edd00000,0x00000000ef068d70,0x00000000ef580000)
  to   space 26624K, 0% used [0x00000000ec300000,0x00000000ec300000,0x00000000edd00000)
 ParOldGen       total 244736K, used 99721K [0x00000000a1800000, 0x00000000b0700000, 0x00000000e0800000)
  object space 244736K, 40% used [0x00000000a1800000,0x00000000a7962728,0x00000000b0700000)
 Metaspace       used 26804K, capacity 27554K, committed 27952K, reserved 1073152K
  class space    used 2976K, capacity 3330K, committed 3376K, reserved 1048576K
GC Heap History (10 events):
Event: 4.637 GC heap before
{Heap before GC invocations=12 (full 3):
 PSYoungGen      total 148480K, used 16552K [0x00000000e0800000, 0x00000000ee700000, 0x0000000100000000)
  eden space 122880K, 0% used [0x00000000e0800000,0x00000000e0800000,0x00000000e8000000)
  from space 25600K, 64% used [0x00000000e8000000,0x00000000e902a020,0x00000000e9900000)
  to   space 26112K, 0% used [0x00000000ecd80000,0x00000000ecd80000,0x00000000ee700000)
 ParOldGen       total 103936K, used 100570K [0x00000000a1800000, 0x00000000a7d80000, 0x00000000e0800000)
  object space 103936K, 96% used [0x00000000a1800000,0x00000000a7a36a18,0x00000000a7d80000)
 Metaspace       used 22166K, capacity 22658K, committed 22960K, reserved 1069056K
  class space    used 2499K, capacity 2736K, committed 2736K, reserved 1048576K
Event: 4.709 GC heap after
Heap after GC invocations=12 (full 3):
 PSYoungGen      total 148480K, used 0K [0x00000000e0800000, 0x00000000ee700000, 0x0000000100000000)
  eden space 122880K, 0% used [0x00000000e0800000,0x00000000e0800000,0x00000000e8000000)
  from space 25600K, 0% used [0x00000000e8000000,0x00000000e8000000,0x00000000e9900000)
  to   space 26112K, 0% used [0x00000000ecd80000,0x00000000ecd80000,0x00000000ee700000)
 ParOldGen       total 174080K, used 66936K [0x00000000a1800000, 0x00000000ac200000, 0x00000000e0800000)
  object space 174080K, 38% used [0x00000000a1800000,0x00000000a595e200,0x00000000ac200000)
 Metaspace       used 22166K, capacity 22658K, committed 22960K, reserved 1069056K
  class space    used 2499K, capacity 2736K, committed 2736K, reserved 1048576K
}
Event: 4.998 GC heap before
{Heap before GC invocations=13 (full 3):
 PSYoungGen      total 148480K, used 122880K [0x00000000e0800000, 0x00000000ee700000, 0x0000000100000000)
  eden space 122880K, 100% used [0x00000000e0800000,0x00000000e8000000,0x00000000e8000000)
  from space 25600K, 0% used [0x00000000e8000000,0x00000000e8000000,0x00000000e9900000)
  to   space 26112K, 0% used [0x00000000ecd80000,0x00000000ecd80000,0x00000000ee700000)
 ParOldGen       total 174080K, used 66936K [0x00000000a1800000, 0x00000000ac200000, 0x00000000e0800000)
  object space 174080K, 38% used [0x00000000a1800000,0x00000000a595e200,0x00000000ac200000)
 Metaspace       used 22166K, capacity 22658K, committed 22960K, reserved 1069056K
  class space    used 2499K, capacity 2736K, committed 2736K, reserved 1048576K
Event: 5.014 GC heap after
Heap after GC invocations=13 (full 3):
 PSYoungGen      total 173056K, used 16512K [0x00000000e0800000, 0x00000000ede00000, 0x0000000100000000)
  eden space 156160K, 0% used [0x00000000e0800000,0x00000000e0800000,0x00000000ea080000)
  from space 16896K, 97% used [0x00000000ecd80000,0x00000000edda0010,0x00000000ede00000)
  to   space 26112K, 0% used [0x00000000eab00000,0x00000000eab00000,0x00000000ec480000)
 ParOldGen       total 174080K, used 132472K [0x00000000a1800000, 0x00000000ac200000, 0x00000000e0800000)
  object space 174080K, 76% used [0x00000000a1800000,0x00000000a995e240,0x00000000ac200000)
 Metaspace       used 22166K, capacity 22658K, committed 22960K, reserved 1069056K
  class space    used 2499K, capacity 2736K, committed 2736K, reserved 1048576K
}
Event: 5.014 GC heap before
{Heap before GC invocations=14 (full 4):
 PSYoungGen      total 173056K, used 16512K [0x00000000e0800000, 0x00000000ede00000, 0x0000000100000000)
  eden space 156160K, 0% used [0x00000000e0800000,0x00000000e0800000,0x00000000ea080000)
  from space 16896K, 97% used [0x00000000ecd80000,0x00000000edda0010,0x00000000ede00000)
  to   space 26112K, 0% used [0x00000000eab00000,0x00000000eab00000,0x00000000ec480000)
 ParOldGen       total 174080K, used 132472K [0x00000000a1800000, 0x00000000ac200000, 0x00000000e0800000)
  object space 174080K, 76% used [0x00000000a1800000,0x00000000a995e240,0x00000000ac200000)
 Metaspace       used 22166K, capacity 22658K, committed 22960K, reserved 1069056K
  class space    used 2499K, capacity 2736K, committed 2736K, reserved 1048576K
Event: 5.036 GC heap after
Heap after GC invocations=14 (full 4):
 PSYoungGen      total 173056K, used 0K [0x00000000e0800000, 0x00000000ede00000, 0x0000000100000000)
  eden space 156160K, 0% used [0x00000000e0800000,0x00000000e0800000,0x00000000ea080000)
  from space 16896K, 0% used [0x00000000ecd80000,0x00000000ecd80000,0x00000000ede00000)
  to   space 26112K, 0% used [0x00000000eab00000,0x00000000eab00000,0x00000000ec480000)
 ParOldGen       total 244736K, used 99705K [0x00000000a1800000, 0x00000000b0700000, 0x00000000e0800000)
  object space 244736K, 40% used [0x00000000a1800000,0x00000000a795e728,0x00000000b0700000)
 Metaspace       used 22166K, capacity 22658K, committed 22960K, reserved 1069056K
  class space    used 2499K, capacity 2736K, committed 2736K, reserved 1048576K
}
Event: 5.796 GC heap before
{Heap before GC invocations=15 (full 4):
 PSYoungGen      total 173056K, used 153766K [0x00000000e0800000, 0x00000000ede00000, 0x0000000100000000)
  eden space 156160K, 98% used [0x00000000e0800000,0x00000000e9e29a00,0x00000000ea080000)
  from space 16896K, 0% used [0x00000000ecd80000,0x00000000ecd80000,0x00000000ede00000)
  to   space 26112K, 0% used [0x00000000eab00000,0x00000000eab00000,0x00000000ec480000)
 ParOldGen       total 244736K, used 99705K [0x00000000a1800000, 0x00000000b0700000, 0x00000000e0800000)
  object space 244736K, 40% used [0x00000000a1800000,0x00000000a795e728,0x00000000b0700000)
 Metaspace       used 23157K, capacity 23714K, committed 24112K, reserved 1071104K
  class space    used 2584K, capacity 2832K, committed 2864K, reserved 1048576K
Event: 5.805 GC heap after
Heap after GC invocations=15 (full 4):
 PSYoungGen      total 193024K, used 9981K [0x00000000e0800000, 0x00000000ef580000, 0x0000000100000000)
  eden space 166912K, 0% used [0x00000000e0800000,0x00000000e0800000,0x00000000eab00000)
  from space 26112K, 38% used [0x00000000eab00000,0x00000000eb4bf7b0,0x00000000ec480000)
  to   space 25088K, 0% used [0x00000000edd00000,0x00000000edd00000,0x00000000ef580000)
 ParOldGen       total 244736K, used 99713K [0x00000000a1800000, 0x00000000b0700000, 0x00000000e0800000)
  object space 244736K, 40% used [0x00000000a1800000,0x00000000a7960728,0x00000000b0700000)
 Metaspace       used 23157K, capacity 23714K, committed 24112K, reserved 1071104K
  class space    used 2584K, capacity 2832K, committed 2864K, reserved 1048576K
}
Event: 8.989 GC heap before
{Heap before GC invocations=16 (full 4):
 PSYoungGen      total 193024K, used 176893K [0x00000000e0800000, 0x00000000ef580000, 0x0000000100000000)
  eden space 166912K, 100% used [0x00000000e0800000,0x00000000eab00000,0x00000000eab00000)
  from space 26112K, 38% used [0x00000000eab00000,0x00000000eb4bf7b0,0x00000000ec480000)
  to   space 25088K, 0% used [0x00000000edd00000,0x00000000edd00000,0x00000000ef580000)
 ParOldGen       total 244736K, used 99713K [0x00000000a1800000, 0x00000000b0700000, 0x00000000e0800000)
  object space 244736K, 40% used [0x00000000a1800000,0x00000000a7960728,0x00000000b0700000)
 Metaspace       used 26711K, capacity 27490K, committed 27952K, reserved 1073152K
  class space    used 2975K, capacity 3330K, committed 3376K, reserved 1048576K
Event: 8.998 GC heap after
Heap after GC invocations=16 (full 4):
 PSYoungGen      total 216576K, used 19875K [0x00000000e0800000, 0x00000000eff80000, 0x0000000100000000)
  eden space 191488K, 0% used [0x00000000e0800000,0x00000000e0800000,0x00000000ec300000)
  from space 25088K, 79% used [0x00000000edd00000,0x00000000ef068d70,0x00000000ef580000)
  to   space 26624K, 0% used [0x00000000ec300000,0x00000000ec300000,0x00000000edd00000)
 ParOldGen       total 244736K, used 99721K [0x00000000a1800000, 0x00000000b0700000, 0x00000000e0800000)
  object space 244736K, 40% used [0x00000000a1800000,0x00000000a7962728,0x00000000b0700000)
 Metaspace       used 26711K, capacity 27490K, committed 27952K, reserved 1073152K
  class space    used 2975K, capacity 3330K, committed 3376K, reserved 1048576K
}

